2024-05-07 12:12:09.833 | INFO     | phold.utils.util:begin_phold:72 - phold: annotating phage genomes with protein structures
2024-05-07 12:12:09.834 | INFO     | phold.utils.util:begin_phold:74 - You are using phold version 0.1.4
2024-05-07 12:12:09.834 | INFO     | phold.utils.util:begin_phold:75 - Repository homepage is https://github.com/gbouras13/phold
2024-05-07 12:12:09.834 | INFO     | phold.utils.util:begin_phold:76 - You are running phold run
2024-05-07 12:12:09.834 | INFO     | phold.utils.util:begin_phold:77 - Listing parameters
2024-05-07 12:12:09.834 | INFO     | phold.utils.util:begin_phold:79 - Parameter: --input pharokka-NC_044954.1-coding-table-1/pharokka.gbk
2024-05-07 12:12:09.834 | INFO     | phold.utils.util:begin_phold:79 - Parameter: --output phold-NC_044954.1-coding-table-1
2024-05-07 12:12:09.834 | INFO     | phold.utils.util:begin_phold:79 - Parameter: --threads 16
2024-05-07 12:12:09.835 | INFO     | phold.utils.util:begin_phold:79 - Parameter: --force False
2024-05-07 12:12:09.835 | INFO     | phold.utils.util:begin_phold:79 - Parameter: --prefix phold
2024-05-07 12:12:09.835 | INFO     | phold.utils.util:begin_phold:79 - Parameter: --evalue 0.001
2024-05-07 12:12:09.835 | INFO     | phold.utils.util:begin_phold:79 - Parameter: --database None
2024-05-07 12:12:09.835 | INFO     | phold.utils.util:begin_phold:79 - Parameter: --batch_size 1
2024-05-07 12:12:09.835 | INFO     | phold.utils.util:begin_phold:79 - Parameter: --sensitivity 9.5
2024-05-07 12:12:09.835 | INFO     | phold.utils.util:begin_phold:79 - Parameter: --keep_tmp_files False
2024-05-07 12:12:09.836 | INFO     | phold.utils.util:begin_phold:79 - Parameter: --cpu False
2024-05-07 12:12:09.836 | INFO     | phold.utils.util:begin_phold:79 - Parameter: --omit_probs False
2024-05-07 12:12:09.836 | INFO     | phold.utils.util:begin_phold:79 - Parameter: --finetune False
2024-05-07 12:12:09.836 | INFO     | phold.utils.util:begin_phold:79 - Parameter: --finetune_path None
2024-05-07 12:12:09.836 | INFO     | phold.utils.util:begin_phold:79 - Parameter: --split False
2024-05-07 12:12:09.836 | INFO     | phold.utils.util:begin_phold:79 - Parameter: --split_threshold 60.0
2024-05-07 12:12:09.836 | INFO     | phold.utils.util:begin_phold:79 - Parameter: --card_vfdb_evalue 1e-10
2024-05-07 12:12:09.837 | INFO     | phold.utils.util:begin_phold:79 - Parameter: --separate False
2024-05-07 12:12:09.837 | INFO     | phold.utils.util:begin_phold:79 - Parameter: --max_seqs 1000
2024-05-07 12:12:09.839 | INFO     | phold.utils.validation:check_dependencies:117 - Foldseek version found is v8.ef4e960
2024-05-07 12:12:09.839 | INFO     | phold.utils.validation:check_dependencies:126 - Foldseek version is ok
2024-05-07 12:12:09.839 | INFO     | phold.databases.db:validate_db:234 - Checking Phold database installation in /home/pkruczkiewicz/miniconda3/envs/phold/lib/python3.10/site-packages/phold/database
2024-05-07 12:12:09.840 | INFO     | phold.databases.db:validate_db:237 - All Phold databases files are present
2024-05-07 12:12:09.840 | INFO     | phold.io.handle_genbank:get_genbank:57 - Checking if input pharokka-NC_044954.1-coding-table-1/pharokka.gbk is a Genbank file
2024-05-07 12:12:09.852 | INFO     | phold.utils.validation:validate_input:50 - Successfully parsed input pharokka-NC_044954.1-coding-table-1/pharokka.gbk as a Genbank format file
2024-05-07 12:12:09.867 | INFO     | phold.features.predict_3Di:get_T5_model:121 - Using device: cuda:0
2024-05-07 12:12:09.867 | INFO     | phold.features.predict_3Di:get_T5_model:127 - Loading T5 from: /home/pkruczkiewicz/miniconda3/envs/phold/lib/python3.10/site-packages/phold/database/Rostlab/ProstT5_fp16
2024-05-07 12:12:09.867 | INFO     | phold.features.predict_3Di:get_T5_model:128 - If /home/pkruczkiewicz/miniconda3/envs/phold/lib/python3.10/site-packages/phold/database/Rostlab/ProstT5_fp16 is not found, it will be downloaded
2024-05-07 12:12:12.048 | INFO     | phold.features.predict_3Di:get_T5_model:138 - Rostlab/ProstT5_fp16 loaded
2024-05-07 12:12:12.057 | INFO     | phold.features.predict_3Di:get_embeddings:362 - Beginning ProstT5 predictions
2024-05-07 12:12:12.075 | INFO     | phold.features.predict_3Di:get_embeddings:367 - Using models in half-precision
2024-05-07 12:12:25.326 | INFO     | phold.features.predict_3Di:write_predictions:218 - Finished writing results to phold-NC_044954.1-coding-table-1/phold_3di.fasta
2024-05-07 12:12:25.361 | INFO     | phold.utils.external_tools:run:44 - Started running foldseek tsv2db phold-NC_044954.1-coding-table-1/foldseek_db/aa.tsv phold-NC_044954.1-coding-table-1/foldseek_db/phold --output-dbtype 0 ...
2024-05-07 12:12:25.366 | INFO     | phold.utils.external_tools:run:46 - Done running foldseek tsv2db phold-NC_044954.1-coding-table-1/foldseek_db/aa.tsv phold-NC_044954.1-coding-table-1/foldseek_db/phold --output-dbtype 0
2024-05-07 12:12:25.366 | INFO     | phold.utils.external_tools:run:44 - Started running foldseek tsv2db phold-NC_044954.1-coding-table-1/foldseek_db/3di.tsv phold-NC_044954.1-coding-table-1/foldseek_db/phold_ss --output-dbtype 0 ...
2024-05-07 12:12:25.371 | INFO     | phold.utils.external_tools:run:46 - Done running foldseek tsv2db phold-NC_044954.1-coding-table-1/foldseek_db/3di.tsv phold-NC_044954.1-coding-table-1/foldseek_db/phold_ss --output-dbtype 0
2024-05-07 12:12:25.372 | INFO     | phold.utils.external_tools:run:44 - Started running foldseek tsv2db phold-NC_044954.1-coding-table-1/foldseek_db/header.tsv phold-NC_044954.1-coding-table-1/foldseek_db/phold_h --output-dbtype 12 ...
2024-05-07 12:12:25.378 | INFO     | phold.utils.external_tools:run:46 - Done running foldseek tsv2db phold-NC_044954.1-coding-table-1/foldseek_db/header.tsv phold-NC_044954.1-coding-table-1/foldseek_db/phold_h --output-dbtype 12
2024-05-07 12:12:25.379 | INFO     | phold.utils.external_tools:run:44 - Started running foldseek search phold-NC_044954.1-coding-table-1/foldseek_db/phold /home/pkruczkiewicz/miniconda3/envs/phold/lib/python3.10/site-packages/phold/database/all_phold_structures phold-NC_044954.1-coding-table-1/result_db/result_db phold-NC_044954.1-coding-table-1/temp_db --threads 16 -e 0.001 -s 9.5 --max-seqs 1000 ...
2024-05-07 12:12:59.149 | INFO     | phold.utils.external_tools:run:46 - Done running foldseek search phold-NC_044954.1-coding-table-1/foldseek_db/phold /home/pkruczkiewicz/miniconda3/envs/phold/lib/python3.10/site-packages/phold/database/all_phold_structures phold-NC_044954.1-coding-table-1/result_db/result_db phold-NC_044954.1-coding-table-1/temp_db --threads 16 -e 0.001 -s 9.5 --max-seqs 1000
2024-05-07 12:12:59.150 | INFO     | phold.utils.external_tools:run:44 - Started running foldseek createtsv phold-NC_044954.1-coding-table-1/foldseek_db/phold /home/pkruczkiewicz/miniconda3/envs/phold/lib/python3.10/site-packages/phold/database/all_phold_structures phold-NC_044954.1-coding-table-1/result_db/result_db phold-NC_044954.1-coding-table-1/foldseek_results.tsv ...
2024-05-07 12:12:59.231 | INFO     | phold.utils.external_tools:run:46 - Done running foldseek createtsv phold-NC_044954.1-coding-table-1/foldseek_db/phold /home/pkruczkiewicz/miniconda3/envs/phold/lib/python3.10/site-packages/phold/database/all_phold_structures phold-NC_044954.1-coding-table-1/result_db/result_db phold-NC_044954.1-coding-table-1/foldseek_results.tsv
2024-05-07 12:12:59.231 | INFO     | phold.results.topfunction:get_topfunctions:35 - Processing Foldseek output
2024-05-07 12:12:59.520 | INFO     | phold.utils.util:end_phold:101 - phold run has finished
2024-05-07 12:12:59.520 | INFO     | phold.utils.util:end_phold:102 - Elapsed time: 49.69 seconds
